Using pre-set license
Built from '2020.3/staging' branch; Version is '2020.3.0f1 (c7b5465681fb) revision 13088070'; Using compiler version '192528614'; Build Type 'Release'
OS: 'Windows 10 Pro; OS build 19044.1526; Version 2009; 64bit' Language: 'ru' Physical Memory: 3071 MB
BatchMode: 1, IsHumanControllingUs: 0, StartBugReporterOnCrash: 0, Is64bit: 1, IsPro: 0

 COMMAND LINE ARGUMENTS:
C:\Program Files\Unity\Hub\Editor\2020.3.0f1\Editor\Unity.exe
-adb2
-batchMode
-noUpm
-name
AssetImportWorker11
-projectPath
E:/_github/game-survival/SURVIVAL PC Edition
-logFile
Logs/AssetImportWorker11.log
-srvPort
60596
Successfully changed project path to: E:/_github/game-survival/SURVIVAL PC Edition
E:/_github/game-survival/SURVIVAL PC Edition
Using Asset Import Pipeline V2.
Refreshing native plugins compatible for Editor in 340.32 ms, found 2 plugins.
Preloading 0 native plugins for Editor in 0.00 ms.
Initialize engine version: 2020.3.0f1 (c7b5465681fb)
[Subsystems] Discovering subsystems at path C:/Program Files/Unity/Hub/Editor/2020.3.0f1/Editor/Data/Resources/UnitySubsystems
[Subsystems] Discovering subsystems at path E:/_github/game-survival/SURVIVAL PC Edition/Assets
GfxDevice: creating device client; threaded=0
Direct3D:
    Version:  Direct3D 11.0 [level 11.0]
    Renderer: NVIDIA GeForce GT 640 (ID=0xfc1)
    Vendor:   
    VRAM:     2007 MB
    Driver:   27.21.14.5671
Initialize mono
Mono path[0] = 'C:/Program Files/Unity/Hub/Editor/2020.3.0f1/Editor/Data/Managed'
Mono path[1] = 'C:/Program Files/Unity/Hub/Editor/2020.3.0f1/Editor/Data/MonoBleedingEdge/lib/mono/unityjit'
Mono config path = 'C:/Program Files/Unity/Hub/Editor/2020.3.0f1/Editor/Data/MonoBleedingEdge/etc'
Using monoOptions --debugger-agent=transport=dt_socket,embedding=1,server=y,suspend=n,address=127.0.0.1:56980
Begin MonoManager ReloadAssembly
Registering precompiled unity dll's ...
Register platform support module: C:/Program Files/Unity/Hub/Editor/2020.3.0f1/Editor/Data/PlaybackEngines/WebGLSupport/UnityEditor.WebGL.Extensions.dll
Register platform support module: C:/Program Files/Unity/Hub/Editor/2020.3.0f1/Editor/Data/PlaybackEngines/WindowsStandaloneSupport/UnityEditor.WindowsStandalone.Extensions.dll
Registered in 0.008450 seconds.
Native extension for WindowsStandalone target not found
Native extension for WebGL target not found
Refreshing native plugins compatible for Editor in 164.77 ms, found 2 plugins.
Preloading 0 native plugins for Editor in 0.00 ms.
Invoked RoslynAnalysisRunner static constructor.
RoslynAnalysisRunner will not be running.
RoslynAnalysisRunner has terminated.
Mono: successfully reloaded assembly
- Completed reload, in  4.500 seconds
Platform modules already initialized, skipping
Registering precompiled user dll's ...
Registered in 0.010184 seconds.
Begin MonoManager ReloadAssembly
Native extension for WindowsStandalone target not found
Native extension for WebGL target not found
Refreshing native plugins compatible for Editor in 1.22 ms, found 2 plugins.
Preloading 0 native plugins for Editor in 0.00 ms.
Invoked RoslynAnalysisRunner static constructor.
RoslynAnalysisRunner will not be running.
RoslynAnalysisRunner has terminated.
Mono: successfully reloaded assembly
- Completed reload, in  4.142 seconds
Platform modules already initialized, skipping
========================================================================
Worker process is ready to serve import requests
Launched and connected shader compiler UnityShaderCompiler.exe after 0.72 seconds
Refreshing native plugins compatible for Editor in 1.29 ms, found 2 plugins.
Preloading 0 native plugins for Editor in 0.00 ms.
Unloading 1929 Unused Serialized files (Serialized files now loaded: 0)
System memory in use before: 127.7 MB.
System memory in use after: 127.5 MB.

Unloading 21 unused Assets to reduce memory usage. Loaded Objects now: 2392.
Total: 7.746900 ms (FindLiveObjects: 0.498500 ms CreateObjectMapping: 0.148600 ms MarkObjects: 6.016700 ms  DeleteObjects: 1.079200 ms)

========================================================================
Received Import Request.
  path: Assets/Scripts/Apple.asset
  artifactKey: Guid(ab098315ffe1e40408ec7c5305aa9d2e) Importer(815301076,1909f56bfc062723c751e8b465ee728b)
Start importing Assets/Scripts/Apple.asset using Guid(ab098315ffe1e40408ec7c5305aa9d2e) Importer(815301076,1909f56bfc062723c751e8b465ee728b)  -> (artifact id: 'e7938b99d17f3424447ec6ae5ccf2d0d') in 1.423464 seconds
  Import took 1.432797 seconds .

========================================================================
Received Prepare
Registering precompiled user dll's ...
Registered in 0.201068 seconds.
Begin MonoManager ReloadAssembly
Native extension for WindowsStandalone target not found
Native extension for WebGL target not found
Refreshing native plugins compatible for Editor in 1.63 ms, found 2 plugins.
Preloading 0 native plugins for Editor in 0.00 ms.
Invoked RoslynAnalysisRunner static constructor.
RoslynAnalysisRunner will not be running.
RoslynAnalysisRunner has terminated.
Mono: successfully reloaded assembly
- Completed reload, in 20.563 seconds
Platform modules already initialized, skipping
Refreshing native plugins compatible for Editor in 3.61 ms, found 2 plugins.
Preloading 0 native plugins for Editor in 0.00 ms.
Unloading 1854 Unused Serialized files (Serialized files now loaded: 0)
System memory in use before: 122.4 MB.
System memory in use after: 122.2 MB.

Unloading 16 unused Assets to reduce memory usage. Loaded Objects now: 2394.
Total: 88.864400 ms (FindLiveObjects: 3.326700 ms CreateObjectMapping: 0.444300 ms MarkObjects: 78.277000 ms  DeleteObjects: 6.811200 ms)

========================================================================
Received Prepare
Registering precompiled user dll's ...
Registered in 0.431271 seconds.
Begin MonoManager ReloadAssembly
Native extension for WindowsStandalone target not found
Native extension for WebGL target not found
Refreshing native plugins compatible for Editor in 1.36 ms, found 2 plugins.
Preloading 0 native plugins for Editor in 0.00 ms.
Invoked RoslynAnalysisRunner static constructor.
RoslynAnalysisRunner will not be running.
RoslynAnalysisRunner has terminated.
Mono: successfully reloaded assembly
- Completed reload, in  6.870 seconds
Platform modules already initialized, skipping
Refreshing native plugins compatible for Editor in 1.39 ms, found 2 plugins.
Preloading 0 native plugins for Editor in 0.00 ms.
Unloading 1853 Unused Serialized files (Serialized files now loaded: 0)
System memory in use before: 122.4 MB.
System memory in use after: 122.2 MB.

Unloading 16 unused Assets to reduce memory usage. Loaded Objects now: 2395.
Total: 7.156000 ms (FindLiveObjects: 0.814600 ms CreateObjectMapping: 0.212500 ms MarkObjects: 5.059400 ms  DeleteObjects: 1.066100 ms)

========================================================================
Received Prepare
Registering precompiled user dll's ...
Registered in 0.126344 seconds.
Begin MonoManager ReloadAssembly
Native extension for WindowsStandalone target not found
Native extension for WebGL target not found
Refreshing native plugins compatible for Editor in 1.80 ms, found 2 plugins.
Preloading 0 native plugins for Editor in 0.00 ms.
Invoked RoslynAnalysisRunner static constructor.
RoslynAnalysisRunner will not be running.
RoslynAnalysisRunner has terminated.
Mono: successfully reloaded assembly
- Completed reload, in  5.884 seconds
Platform modules already initialized, skipping
Refreshing native plugins compatible for Editor in 25.02 ms, found 2 plugins.
Preloading 0 native plugins for Editor in 0.00 ms.
Unloading 1854 Unused Serialized files (Serialized files now loaded: 0)
System memory in use before: 122.5 MB.
System memory in use after: 122.3 MB.

Unloading 16 unused Assets to reduce memory usage. Loaded Objects now: 2398.
Total: 48.741000 ms (FindLiveObjects: 8.042900 ms CreateObjectMapping: 0.494400 ms MarkObjects: 38.169400 ms  DeleteObjects: 2.029600 ms)

========================================================================
Received Prepare
Registering precompiled user dll's ...
Registered in 0.016378 seconds.
Begin MonoManager ReloadAssembly
Native extension for WindowsStandalone target not found
Native extension for WebGL target not found
Refreshing native plugins compatible for Editor in 1.62 ms, found 2 plugins.
Preloading 0 native plugins for Editor in 0.00 ms.
Invoked RoslynAnalysisRunner static constructor.
RoslynAnalysisRunner will not be running.
RoslynAnalysisRunner has terminated.
Mono: successfully reloaded assembly
- Completed reload, in  4.095 seconds
Platform modules already initialized, skipping
Refreshing native plugins compatible for Editor in 1.52 ms, found 2 plugins.
Preloading 0 native plugins for Editor in 0.00 ms.
Unloading 1854 Unused Serialized files (Serialized files now loaded: 0)
System memory in use before: 122.5 MB.
System memory in use after: 122.3 MB.

Unloading 16 unused Assets to reduce memory usage. Loaded Objects now: 2400.
Total: 16.055500 ms (FindLiveObjects: 1.723300 ms CreateObjectMapping: 0.344900 ms MarkObjects: 12.218700 ms  DeleteObjects: 1.765000 ms)

========================================================================
Received Import Request.
  Time since last request: 311.742399 seconds.
  path: Assets/Scripts/InventoryManager.cs
  artifactKey: Guid(bfdbb79bb996de84f9f14b02e301d582) Importer(815301076,1909f56bfc062723c751e8b465ee728b)
Start importing Assets/Scripts/InventoryManager.cs using Guid(bfdbb79bb996de84f9f14b02e301d582) Importer(815301076,1909f56bfc062723c751e8b465ee728b)  -> (artifact id: '8ac59eaae8ecf9316d9c3db906aac68e') in 0.190418 seconds
  Import took 0.494633 seconds .

========================================================================
Received Prepare
Registering precompiled user dll's ...
Registered in 0.346984 seconds.
Begin MonoManager ReloadAssembly
Native extension for WindowsStandalone target not found
Native extension for WebGL target not found
Refreshing native plugins compatible for Editor in 1.39 ms, found 2 plugins.
Preloading 0 native plugins for Editor in 0.00 ms.
Invoked RoslynAnalysisRunner static constructor.
RoslynAnalysisRunner will not be running.
RoslynAnalysisRunner has terminated.
Mono: successfully reloaded assembly
- Completed reload, in  8.504 seconds
Platform modules already initialized, skipping
Refreshing native plugins compatible for Editor in 1.50 ms, found 2 plugins.
Preloading 0 native plugins for Editor in 0.00 ms.
Unloading 1854 Unused Serialized files (Serialized files now loaded: 0)
System memory in use before: 122.5 MB.
System memory in use after: 122.3 MB.

Unloading 16 unused Assets to reduce memory usage. Loaded Objects now: 2402.
Total: 11.102300 ms (FindLiveObjects: 0.672800 ms CreateObjectMapping: 0.228000 ms MarkObjects: 7.354500 ms  DeleteObjects: 2.840900 ms)

========================================================================
Received Prepare
Registering precompiled user dll's ...
Registered in 0.014783 seconds.
Begin MonoManager ReloadAssembly
Native extension for WindowsStandalone target not found
Native extension for WebGL target not found
Refreshing native plugins compatible for Editor in 1.21 ms, found 2 plugins.
Preloading 0 native plugins for Editor in 0.00 ms.
Invoked RoslynAnalysisRunner static constructor.
RoslynAnalysisRunner will not be running.
RoslynAnalysisRunner has terminated.
Mono: successfully reloaded assembly
- Completed reload, in  3.877 seconds
Platform modules already initialized, skipping
Refreshing native plugins compatible for Editor in 1.32 ms, found 2 plugins.
Preloading 0 native plugins for Editor in 0.00 ms.
Unloading 1854 Unused Serialized files (Serialized files now loaded: 0)
System memory in use before: 122.5 MB.
System memory in use after: 122.3 MB.

Unloading 16 unused Assets to reduce memory usage. Loaded Objects now: 2404.
Total: 11.489700 ms (FindLiveObjects: 0.527200 ms CreateObjectMapping: 0.182600 ms MarkObjects: 9.027100 ms  DeleteObjects: 1.747500 ms)

========================================================================
Received Prepare
Registering precompiled user dll's ...
Registered in 0.071993 seconds.
Begin MonoManager ReloadAssembly
Native extension for WindowsStandalone target not found
Native extension for WebGL target not found
Refreshing native plugins compatible for Editor in 1.40 ms, found 2 plugins.
Preloading 0 native plugins for Editor in 0.00 ms.
Invoked RoslynAnalysisRunner static constructor.
RoslynAnalysisRunner will not be running.
RoslynAnalysisRunner has terminated.
Mono: successfully reloaded assembly
- Completed reload, in  3.320 seconds
Platform modules already initialized, skipping
Refreshing native plugins compatible for Editor in 2.08 ms, found 2 plugins.
Preloading 0 native plugins for Editor in 0.00 ms.
Unloading 1854 Unused Serialized files (Serialized files now loaded: 0)
System memory in use before: 122.5 MB.
System memory in use after: 122.3 MB.

Unloading 16 unused Assets to reduce memory usage. Loaded Objects now: 2406.
Total: 6.759400 ms (FindLiveObjects: 0.495100 ms CreateObjectMapping: 0.233700 ms MarkObjects: 4.741500 ms  DeleteObjects: 1.285400 ms)

========================================================================
Received Prepare
Registering precompiled user dll's ...
Registered in 0.010652 seconds.
Begin MonoManager ReloadAssembly
Native extension for WindowsStandalone target not found
Native extension for WebGL target not found
Refreshing native plugins compatible for Editor in 2.24 ms, found 2 plugins.
Preloading 0 native plugins for Editor in 0.00 ms.
Invoked RoslynAnalysisRunner static constructor.
RoslynAnalysisRunner will not be running.
RoslynAnalysisRunner has terminated.
Mono: successfully reloaded assembly
- Completed reload, in  3.399 seconds
Platform modules already initialized, skipping
Refreshing native plugins compatible for Editor in 1.24 ms, found 2 plugins.
Preloading 0 native plugins for Editor in 0.00 ms.
Unloading 1854 Unused Serialized files (Serialized files now loaded: 0)
System memory in use before: 122.5 MB.
System memory in use after: 122.3 MB.

Unloading 16 unused Assets to reduce memory usage. Loaded Objects now: 2408.
Total: 32.946400 ms (FindLiveObjects: 0.503100 ms CreateObjectMapping: 0.177300 ms MarkObjects: 31.194800 ms  DeleteObjects: 1.067700 ms)

========================================================================
Received Prepare
Registering precompiled user dll's ...
Registered in 0.056250 seconds.
Begin MonoManager ReloadAssembly
Native extension for WindowsStandalone target not found
Native extension for WebGL target not found
Refreshing native plugins compatible for Editor in 2.54 ms, found 2 plugins.
Preloading 0 native plugins for Editor in 0.00 ms.
Invoked RoslynAnalysisRunner static constructor.
RoslynAnalysisRunner will not be running.
RoslynAnalysisRunner has terminated.
Mono: successfully reloaded assembly
- Completed reload, in  5.171 seconds
Platform modules already initialized, skipping
Refreshing native plugins compatible for Editor in 1.38 ms, found 2 plugins.
Preloading 0 native plugins for Editor in 0.00 ms.
Unloading 1854 Unused Serialized files (Serialized files now loaded: 0)
System memory in use before: 122.5 MB.
System memory in use after: 122.3 MB.

Unloading 16 unused Assets to reduce memory usage. Loaded Objects now: 2410.
Total: 9.885800 ms (FindLiveObjects: 0.514800 ms CreateObjectMapping: 0.167300 ms MarkObjects: 7.166200 ms  DeleteObjects: 2.032800 ms)

========================================================================
Received Import Request.
  Time since last request: 1998.459972 seconds.
  path: Assets/Prefabs/GameObject.prefab
  artifactKey: Guid(a701c1bb140a4e9428ff86dcb544005b) Importer(815301076,1909f56bfc062723c751e8b465ee728b)
Start importing Assets/Prefabs/GameObject.prefab using Guid(a701c1bb140a4e9428ff86dcb544005b) Importer(815301076,1909f56bfc062723c751e8b465ee728b)  -> (artifact id: 'e5b1037979e479d77a7e4de90f751a75') in 0.398129 seconds
  Import took 0.421776 seconds .

========================================================================
Received Prepare
Registering precompiled user dll's ...
Registered in 0.311956 seconds.
Begin MonoManager ReloadAssembly
Native extension for WindowsStandalone target not found
Native extension for WebGL target not found
Refreshing native plugins compatible for Editor in 1.62 ms, found 2 plugins.
Preloading 0 native plugins for Editor in 0.00 ms.
Invoked RoslynAnalysisRunner static constructor.
RoslynAnalysisRunner will not be running.
RoslynAnalysisRunner has terminated.
Mono: successfully reloaded assembly
- Completed reload, in 10.433 seconds
Platform modules already initialized, skipping
Refreshing native plugins compatible for Editor in 1.70 ms, found 2 plugins.
Preloading 0 native plugins for Editor in 0.00 ms.
Unloading 1854 Unused Serialized files (Serialized files now loaded: 0)
System memory in use before: 122.5 MB.
System memory in use after: 122.3 MB.

Unloading 16 unused Assets to reduce memory usage. Loaded Objects now: 2412.
Total: 10.422000 ms (FindLiveObjects: 0.523700 ms CreateObjectMapping: 0.186700 ms MarkObjects: 8.570500 ms  DeleteObjects: 1.136800 ms)

========================================================================
Received Import Request.
  Time since last request: 129.730883 seconds.
  path: Assets/Prefabs/Apple.prefab
  artifactKey: Guid(6d7b0b9e3a395454b8ccb3bf4280520f) Importer(815301076,1909f56bfc062723c751e8b465ee728b)
Start importing Assets/Prefabs/Apple.prefab using Guid(6d7b0b9e3a395454b8ccb3bf4280520f) Importer(815301076,1909f56bfc062723c751e8b465ee728b)  -> (artifact id: '3fb155ab7b2bbc57eb2bf714f44402da') in 1.462058 seconds
  Import took 1.492333 seconds .

========================================================================
Received Import Request.
  Time since last request: 109.410447 seconds.
  path: Assets/Prefabs/Slot.prefab
  artifactKey: Guid(bfbce940a6b5d5c43869e11899d6407a) Importer(815301076,1909f56bfc062723c751e8b465ee728b)
Start importing Assets/Prefabs/Slot.prefab using Guid(bfbce940a6b5d5c43869e11899d6407a) Importer(815301076,1909f56bfc062723c751e8b465ee728b)  -> (artifact id: '87e4dccc60dfce3c08a8442b652efa5f') in 3.373374 seconds
  Import took 4.738711 seconds .

========================================================================
Received Prepare
Registering precompiled user dll's ...
Registered in 0.237314 seconds.
Begin MonoManager ReloadAssembly
Native extension for WindowsStandalone target not found
Native extension for WebGL target not found
Refreshing native plugins compatible for Editor in 1.59 ms, found 2 plugins.
Preloading 0 native plugins for Editor in 0.00 ms.
Invoked RoslynAnalysisRunner static constructor.
RoslynAnalysisRunner will not be running.
RoslynAnalysisRunner has terminated.
Mono: successfully reloaded assembly
- Completed reload, in  9.724 seconds
Platform modules already initialized, skipping
Refreshing native plugins compatible for Editor in 20.19 ms, found 2 plugins.
Preloading 0 native plugins for Editor in 0.00 ms.
Unloading 1854 Unused Serialized files (Serialized files now loaded: 0)
System memory in use before: 125.7 MB.
System memory in use after: 125.5 MB.

Unloading 16 unused Assets to reduce memory usage. Loaded Objects now: 2421.
Total: 51.121200 ms (FindLiveObjects: 13.083700 ms CreateObjectMapping: 1.645100 ms MarkObjects: 33.471200 ms  DeleteObjects: 2.917100 ms)

========================================================================
Received Prepare
Registering precompiled user dll's ...
Registered in 0.024577 seconds.
Begin MonoManager ReloadAssembly
Native extension for WindowsStandalone target not found
Native extension for WebGL target not found
Refreshing native plugins compatible for Editor in 1.29 ms, found 2 plugins.
Preloading 0 native plugins for Editor in 0.00 ms.
Invoked RoslynAnalysisRunner static constructor.
RoslynAnalysisRunner will not be running.
RoslynAnalysisRunner has terminated.
Mono: successfully reloaded assembly
- Completed reload, in  5.742 seconds
Platform modules already initialized, skipping
Refreshing native plugins compatible for Editor in 3.50 ms, found 2 plugins.
Preloading 0 native plugins for Editor in 0.00 ms.
Unloading 1854 Unused Serialized files (Serialized files now loaded: 0)
System memory in use before: 125.7 MB.
System memory in use after: 125.5 MB.

Unloading 16 unused Assets to reduce memory usage. Loaded Objects now: 2423.
Total: 114.158300 ms (FindLiveObjects: 1.328900 ms CreateObjectMapping: 0.247000 ms MarkObjects: 94.832900 ms  DeleteObjects: 17.744300 ms)

========================================================================
Received Prepare
Registering precompiled user dll's ...
Registered in 0.104715 seconds.
Begin MonoManager ReloadAssembly
Native extension for WindowsStandalone target not found
Native extension for WebGL target not found
Refreshing native plugins compatible for Editor in 1.26 ms, found 2 plugins.
Preloading 0 native plugins for Editor in 0.00 ms.
Invoked RoslynAnalysisRunner static constructor.
RoslynAnalysisRunner will not be running.
RoslynAnalysisRunner has terminated.
Mono: successfully reloaded assembly
- Completed reload, in  3.336 seconds
Platform modules already initialized, skipping
Refreshing native plugins compatible for Editor in 1.32 ms, found 2 plugins.
Preloading 0 native plugins for Editor in 0.00 ms.
Unloading 1854 Unused Serialized files (Serialized files now loaded: 0)
System memory in use before: 125.7 MB.
System memory in use after: 125.5 MB.

Unloading 16 unused Assets to reduce memory usage. Loaded Objects now: 2425.
Total: 26.059500 ms (FindLiveObjects: 0.608500 ms CreateObjectMapping: 0.623800 ms MarkObjects: 21.476400 ms  DeleteObjects: 3.346400 ms)

========================================================================
Received Prepare
Registering precompiled user dll's ...
Registered in 0.052237 seconds.
Begin MonoManager ReloadAssembly
Native extension for WindowsStandalone target not found
Native extension for WebGL target not found
Refreshing native plugins compatible for Editor in 1.25 ms, found 2 plugins.
Preloading 0 native plugins for Editor in 0.00 ms.
Invoked RoslynAnalysisRunner static constructor.
RoslynAnalysisRunner will not be running.
RoslynAnalysisRunner has terminated.
Mono: successfully reloaded assembly
- Completed reload, in  3.312 seconds
Platform modules already initialized, skipping
Refreshing native plugins compatible for Editor in 1.55 ms, found 2 plugins.
Preloading 0 native plugins for Editor in 0.00 ms.
Unloading 1854 Unused Serialized files (Serialized files now loaded: 0)
System memory in use before: 125.7 MB.
System memory in use after: 125.5 MB.

Unloading 16 unused Assets to reduce memory usage. Loaded Objects now: 2427.
Total: 9.077200 ms (FindLiveObjects: 0.550500 ms CreateObjectMapping: 0.181400 ms MarkObjects: 7.010800 ms  DeleteObjects: 1.330000 ms)

========================================================================
Received Import Request.
  Time since last request: 1606.478330 seconds.
  path: Assets/Survival Kit Lite/Apple
  artifactKey: Guid(23565bb38640f5b4789b4468160b75b5) Importer(815301076,1909f56bfc062723c751e8b465ee728b)
Start importing Assets/Survival Kit Lite/Apple using Guid(23565bb38640f5b4789b4468160b75b5) Importer(815301076,1909f56bfc062723c751e8b465ee728b)  -> (artifact id: '5b09b08490e55ccba8ba5f743a22e9f4') in 0.257269 seconds
  Import took 0.277908 seconds .

========================================================================
Received Import Request.
  Time since last request: 0.289327 seconds.
  path: Assets/Survival Kit Lite/Apple/Materials
  artifactKey: Guid(90c343c5a5ff59e4cb8fe5d79b8d6d92) Importer(815301076,1909f56bfc062723c751e8b465ee728b)
Start importing Assets/Survival Kit Lite/Apple/Materials using Guid(90c343c5a5ff59e4cb8fe5d79b8d6d92) Importer(815301076,1909f56bfc062723c751e8b465ee728b)  -> (artifact id: '13643a1990aa2e8253b0e424f698c840') in 0.095880 seconds
  Import took 0.209592 seconds .

========================================================================
Received Import Request.
  Time since last request: 0.725432 seconds.
  path: Assets/Survival Kit Lite/Apple/Textures
  artifactKey: Guid(d5877af7f54fe1d488a3f237e23f3f49) Importer(815301076,1909f56bfc062723c751e8b465ee728b)
Start importing Assets/Survival Kit Lite/Apple/Textures using Guid(d5877af7f54fe1d488a3f237e23f3f49) Importer(815301076,1909f56bfc062723c751e8b465ee728b)  -> (artifact id: 'a76d89028d0ee37e6ba89c2ff6302d91') in 0.209718 seconds
  Import took 0.335723 seconds .

========================================================================
Received Import Request.
  Time since last request: 0.377668 seconds.
  path: Assets/Survival Kit Lite/Apple/Prefab
  artifactKey: Guid(209b7ee201cf5d24782fd6086c6bb713) Importer(815301076,1909f56bfc062723c751e8b465ee728b)
Start importing Assets/Survival Kit Lite/Apple/Prefab using Guid(209b7ee201cf5d24782fd6086c6bb713) Importer(815301076,1909f56bfc062723c751e8b465ee728b)  -> (artifact id: '42d75f0fba03143d4544c22d86117aaa') in 0.110765 seconds
  Import took 0.183416 seconds .

========================================================================
Received Import Request.
  Time since last request: 218.938715 seconds.
  path: Assets/Scripts/Apple.asset
  artifactKey: Guid(ab098315ffe1e40408ec7c5305aa9d2e) Importer(815301076,1909f56bfc062723c751e8b465ee728b)
Start importing Assets/Scripts/Apple.asset using Guid(ab098315ffe1e40408ec7c5305aa9d2e) Importer(815301076,1909f56bfc062723c751e8b465ee728b)  -> (artifact id: 'b68fb4a14da20be70edbdc34363af386') in 0.361755 seconds
  Import took 0.479559 seconds .

========================================================================
Received Import Request.
  Time since last request: 20.869755 seconds.
  path: Assets/Survival Kit Lite/Icons/Apple_A.png
  artifactKey: Guid(1c88f440180d73a4cba1593d6b94af19) Importer(815301076,1909f56bfc062723c751e8b465ee728b)
Start importing Assets/Survival Kit Lite/Icons/Apple_A.png using Guid(1c88f440180d73a4cba1593d6b94af19) Importer(815301076,1909f56bfc062723c751e8b465ee728b)  -> (artifact id: '1b6b3d96c64c1ebaf6a465b3c32a34e2') in 5.019275 seconds
  Import took 5.092213 seconds .

========================================================================
Received Import Request.
  Time since last request: 0.001221 seconds.
  path: Assets/Survival Kit Lite/Icons/Apple_B.png
  artifactKey: Guid(595df4139623e93498e02108674ff1f0) Importer(815301076,1909f56bfc062723c751e8b465ee728b)
Start importing Assets/Survival Kit Lite/Icons/Apple_B.png using Guid(595df4139623e93498e02108674ff1f0) Importer(815301076,1909f56bfc062723c751e8b465ee728b)  -> (artifact id: 'c3e03a138156c00018f0bbf16b571865') in 0.289308 seconds
  Import took 0.419161 seconds .

========================================================================
Received Import Request.
  Time since last request: 0.047496 seconds.
  path: Assets/Survival Kit Lite/Icons/Apple_B.png
  artifactKey: Guid(595df4139623e93498e02108674ff1f0) Importer(815301076,1909f56bfc062723c751e8b465ee728b)
Start importing Assets/Survival Kit Lite/Icons/Apple_B.png using Guid(595df4139623e93498e02108674ff1f0) Importer(815301076,1909f56bfc062723c751e8b465ee728b)  -> (artifact id: 'c3e03a138156c00018f0bbf16b571865') in 0.096515 seconds
  Import took 0.148281 seconds .

========================================================================
Received Import Request.
  Time since last request: 1.072393 seconds.
  path: Assets/Survival Kit Lite/Icons/Apple_B.png
  artifactKey: Guid(595df4139623e93498e02108674ff1f0) Importer(815301076,1909f56bfc062723c751e8b465ee728b)
Start importing Assets/Survival Kit Lite/Icons/Apple_B.png using Guid(595df4139623e93498e02108674ff1f0) Importer(815301076,1909f56bfc062723c751e8b465ee728b)  -> (artifact id: '063db4c21ac0fb05c0d32a760f7de17e') in 1.186086 seconds
  Import took 1.272763 seconds .

========================================================================
Received Prepare
Registering precompiled user dll's ...
Registered in 0.055542 seconds.
Begin MonoManager ReloadAssembly
Native extension for WindowsStandalone target not found
Native extension for WebGL target not found
Refreshing native plugins compatible for Editor in 1.21 ms, found 2 plugins.
Preloading 0 native plugins for Editor in 0.00 ms.
Invoked RoslynAnalysisRunner static constructor.
RoslynAnalysisRunner will not be running.
RoslynAnalysisRunner has terminated.
Mono: successfully reloaded assembly
- Completed reload, in  3.262 seconds
Platform modules already initialized, skipping
Refreshing native plugins compatible for Editor in 1.78 ms, found 2 plugins.
Preloading 0 native plugins for Editor in 0.00 ms.
Unloading 1854 Unused Serialized files (Serialized files now loaded: 0)
System memory in use before: 125.7 MB.
System memory in use after: 125.5 MB.

Unloading 16 unused Assets to reduce memory usage. Loaded Objects now: 2432.
Total: 8.580200 ms (FindLiveObjects: 0.674100 ms CreateObjectMapping: 0.188400 ms MarkObjects: 6.383300 ms  DeleteObjects: 1.329200 ms)

========================================================================
Received Prepare
Registering precompiled user dll's ...
Registered in 1.088381 seconds.
Begin MonoManager ReloadAssembly
Native extension for WindowsStandalone target not found
Native extension for WebGL target not found
Refreshing native plugins compatible for Editor in 1.37 ms, found 2 plugins.
Preloading 0 native plugins for Editor in 0.00 ms.
Invoked RoslynAnalysisRunner static constructor.
RoslynAnalysisRunner will not be running.
RoslynAnalysisRunner has terminated.
Mono: successfully reloaded assembly
- Completed reload, in 23.879 seconds
Platform modules already initialized, skipping
Refreshing native plugins compatible for Editor in 2.84 ms, found 2 plugins.
Preloading 0 native plugins for Editor in 0.00 ms.
Unloading 1854 Unused Serialized files (Serialized files now loaded: 0)
System memory in use before: 125.7 MB.
System memory in use after: 125.5 MB.

Unloading 16 unused Assets to reduce memory usage. Loaded Objects now: 2434.
Total: 12.258600 ms (FindLiveObjects: 0.571900 ms CreateObjectMapping: 0.153700 ms MarkObjects: 10.249000 ms  DeleteObjects: 1.273400 ms)

========================================================================
Received Prepare
Registering precompiled user dll's ...
Registered in 0.458533 seconds.
Begin MonoManager ReloadAssembly
Native extension for WindowsStandalone target not found
Native extension for WebGL target not found
Refreshing native plugins compatible for Editor in 1.38 ms, found 2 plugins.
Preloading 0 native plugins for Editor in 0.00 ms.
Invoked RoslynAnalysisRunner static constructor.
RoslynAnalysisRunner will not be running.
RoslynAnalysisRunner has terminated.
Mono: successfully reloaded assembly
- Completed reload, in 39.256 seconds
Platform modules already initialized, skipping
Refreshing native plugins compatible for Editor in 1.90 ms, found 2 plugins.
Preloading 0 native plugins for Editor in 0.00 ms.
Unloading 1854 Unused Serialized files (Serialized files now loaded: 0)
System memory in use before: 125.7 MB.
System memory in use after: 125.5 MB.

Unloading 16 unused Assets to reduce memory usage. Loaded Objects now: 2436.
Total: 9.489500 ms (FindLiveObjects: 0.611600 ms CreateObjectMapping: 0.163300 ms MarkObjects: 7.500500 ms  DeleteObjects: 1.204600 ms)

========================================================================
Received Prepare
Registering precompiled user dll's ...
Registered in 0.809640 seconds.
Begin MonoManager ReloadAssembly
Native extension for WindowsStandalone target not found
Native extension for WebGL target not found
Refreshing native plugins compatible for Editor in 20.22 ms, found 2 plugins.
Preloading 0 native plugins for Editor in 0.00 ms.
Invoked RoslynAnalysisRunner static constructor.
RoslynAnalysisRunner will not be running.
RoslynAnalysisRunner has terminated.
Mono: successfully reloaded assembly
- Completed reload, in 31.869 seconds
Platform modules already initialized, skipping
Refreshing native plugins compatible for Editor in 2.58 ms, found 2 plugins.
Preloading 0 native plugins for Editor in 0.00 ms.
Unloading 1854 Unused Serialized files (Serialized files now loaded: 0)
System memory in use before: 125.7 MB.
System memory in use after: 125.5 MB.

Unloading 16 unused Assets to reduce memory usage. Loaded Objects now: 2438.
Total: 8.190000 ms (FindLiveObjects: 0.558900 ms CreateObjectMapping: 0.179700 ms MarkObjects: 5.593300 ms  DeleteObjects: 1.853800 ms)

========================================================================
Received Prepare
Registering precompiled user dll's ...
Registered in 1.479796 seconds.
Begin MonoManager ReloadAssembly
Native extension for WindowsStandalone target not found
Native extension for WebGL target not found
Refreshing native plugins compatible for Editor in 1.25 ms, found 2 plugins.
Preloading 0 native plugins for Editor in 0.00 ms.
Invoked RoslynAnalysisRunner static constructor.
RoslynAnalysisRunner will not be running.
RoslynAnalysisRunner has terminated.
Mono: successfully reloaded assembly
- Completed reload, in  4.414 seconds
Platform modules already initialized, skipping
Refreshing native plugins compatible for Editor in 1.26 ms, found 2 plugins.
Preloading 0 native plugins for Editor in 0.00 ms.
Unloading 1854 Unused Serialized files (Serialized files now loaded: 0)
System memory in use before: 125.7 MB.
System memory in use after: 125.5 MB.

Unloading 16 unused Assets to reduce memory usage. Loaded Objects now: 2440.
Total: 8.864400 ms (FindLiveObjects: 1.780300 ms CreateObjectMapping: 0.195500 ms MarkObjects: 5.521700 ms  DeleteObjects: 1.363500 ms)

AssetImportWorkerClient::OnTransportError - code=2 error=End of file
